[debug] [2017-06-17T10:18:29.977Z] ----------------------------------------------------------------------
[debug] [2017-06-17T10:18:29.977Z] Command:      C:\Program Files\nodejs\node.exe C:\Users\user\AppData\Roaming\npm\node_modules\firebase-tools\bin\firebase serve
[debug] [2017-06-17T10:18:29.977Z] CLI Version:  3.9.1
[debug] [2017-06-17T10:18:29.977Z] Platform:     win32
[debug] [2017-06-17T10:18:29.977Z] Node Version: v6.10.3
[debug] [2017-06-17T10:18:29.977Z] Time:         Sat Jun 17 2017 13:18:29 GMT+0300 (Belarus Standard Time)
[debug] [2017-06-17T10:18:29.977Z] ----------------------------------------------------------------------
[debug] 
[debug] [2017-06-17T10:18:29.993Z] > command requires scopes: ["email","openid","https://www.googleapis.com/auth/cloudplatformprojects.readonly","https://www.googleapis.com/auth/firebase","https://www.googleapis.com/auth/cloud-platform"]
[debug] [2017-06-17T10:18:29.993Z] > authorizing via signed-in user
[debug] [2017-06-17T10:18:29.993Z] > refreshing access token with scopes: ["email","https://www.googleapis.com/auth/cloud-platform","https://www.googleapis.com/auth/cloudplatformprojects.readonly","https://www.googleapis.com/auth/firebase","openid"]
[debug] [2017-06-17T10:18:29.993Z] >>> HTTP REQUEST POST https://www.googleapis.com/oauth2/v3/token { refresh_token: '1/Bdgvo20DkyEo4WLiLLr6lIkaCmFAjVKwN2EY4gaAFas',
  client_id: '563584335869-fgrhgmd47bqnekij5i8b5pr03ho849e6.apps.googleusercontent.com',
  client_secret: 'j9iVZfS8kkCEFUPaAeJV0sAi',
  grant_type: 'refresh_token',
  scope: 'email https://www.googleapis.com/auth/cloud-platform https://www.googleapis.com/auth/cloudplatformprojects.readonly https://www.googleapis.com/auth/firebase openid' } 
 Sat Jun 17 2017 13:18:29 GMT+0300 (Belarus Standard Time)
[debug] [2017-06-17T10:18:30.259Z] <<< HTTP RESPONSE 200
[debug] [2017-06-17T10:18:30.259Z] >>> HTTP REQUEST GET https://admin.firebase.com/v1/projects/todotest-c2246  
 Sat Jun 17 2017 13:18:30 GMT+0300 (Belarus Standard Time)
[debug] [2017-06-17T10:18:31.165Z] <<< HTTP RESPONSE 200
[debug] [2017-06-17T10:18:31.165Z] >>> HTTP REQUEST GET https://admin.firebase.com/v1/database/todotest-c2246/tokens  
 Sat Jun 17 2017 13:18:31 GMT+0300 (Belarus Standard Time)
[debug] [2017-06-17T10:18:32.024Z] <<< HTTP RESPONSE 200
[info] 
[info] === Serving from 'D:\students\настя\learning-js__from-scratch-to-expert\seminar_16\lecture\example_simple_withGulp'...
[info] 
[debug] [2017-06-17T10:18:32.024Z] >>> HTTP REQUEST GET https://cloudresourcemanager.googleapis.com/v1/projects/todotest-c2246  
 Sat Jun 17 2017 13:18:32 GMT+0300 (Belarus Standard Time)
[debug] [2017-06-17T10:18:32.946Z] <<< HTTP RESPONSE 200
[debug] [2017-06-17T10:18:32.962Z] >>> HTTP REQUEST GET https://mobilesdk-pa.googleapis.com/v1/projects/907435582720/clients/_:getWebAppConfig  
 Sat Jun 17 2017 13:18:32 GMT+0300 (Belarus Standard Time)
[debug] [2017-06-17T10:18:33.759Z] <<< HTTP RESPONSE 200
[info] i  hosting: Serving hosting files from: app
[info] +  hosting: Local server: http://localhost:5000

[debug] [2017-06-17T10:27:59.770Z] ----------------------------------------------------------------------
[debug] [2017-06-17T10:27:59.770Z] Command:      C:\Program Files\nodejs\node.exe C:\Users\user\AppData\Roaming\npm\node_modules\firebase-tools\bin\firebase serve
[debug] [2017-06-17T10:27:59.770Z] CLI Version:  3.9.1
[debug] [2017-06-17T10:27:59.770Z] Platform:     win32
[debug] [2017-06-17T10:27:59.770Z] Node Version: v6.10.3
[debug] [2017-06-17T10:27:59.770Z] Time:         Sat Jun 17 2017 13:27:59 GMT+0300 (Belarus Standard Time)
[debug] [2017-06-17T10:27:59.770Z] ----------------------------------------------------------------------
[debug] 
[debug] [2017-06-17T10:27:59.786Z] > command requires scopes: ["email","openid","https://www.googleapis.com/auth/cloudplatformprojects.readonly","https://www.googleapis.com/auth/firebase","https://www.googleapis.com/auth/cloud-platform"]
[debug] [2017-06-17T10:27:59.786Z] > authorizing via signed-in user
[debug] [2017-06-17T10:27:59.786Z] >>> HTTP REQUEST GET https://admin.firebase.com/v1/projects/todotest-c2246  
 Sat Jun 17 2017 13:27:59 GMT+0300 (Belarus Standard Time)
[debug] [2017-06-17T10:28:00.630Z] <<< HTTP RESPONSE 200
[debug] [2017-06-17T10:28:00.630Z] >>> HTTP REQUEST GET https://admin.firebase.com/v1/database/todotest-c2246/tokens  
 Sat Jun 17 2017 13:28:00 GMT+0300 (Belarus Standard Time)
[debug] [2017-06-17T10:28:01.458Z] <<< HTTP RESPONSE 200
[info] 
[info] === Serving from 'D:\students\настя\learning-js__from-scratch-to-expert\seminar_16\lecture\example_simple_withGulp'...
[info] 
[debug] [2017-06-17T10:28:01.458Z] >>> HTTP REQUEST GET https://cloudresourcemanager.googleapis.com/v1/projects/todotest-c2246  
 Sat Jun 17 2017 13:28:01 GMT+0300 (Belarus Standard Time)
[debug] [2017-06-17T10:28:02.395Z] <<< HTTP RESPONSE 200
[debug] [2017-06-17T10:28:02.395Z] >>> HTTP REQUEST GET https://mobilesdk-pa.googleapis.com/v1/projects/907435582720/clients/_:getWebAppConfig  
 Sat Jun 17 2017 13:28:02 GMT+0300 (Belarus Standard Time)
[debug] [2017-06-17T10:28:03.489Z] <<< HTTP RESPONSE 200
[info] i  hosting: Serving hosting files from: app
[info] +  hosting: Local server: http://localhost:5000

